Дата: 2023-11-19 05:19:08.502149, Диалог: 🐼 🍃 Доска объявлений, Статус: Доставлено
Ссылка на канал: piar222222
Дата: 2023-11-19 05:19:08.784803, Диалог: Пиар ~ объявления, Статус: Доставлено
Ссылка на канал: piar44
Дата: 2023-11-19 05:19:08.986617, Диалог: Чат Владивостока, Статус: Не доставлено
Ссылка на канал: telega_vladivistoka
Дата: 2023-11-19 05:19:09.217338, Диалог: Барахолка Артем, Статус: Доставлено
Ссылка на канал: baraxolkaartem
Дата: 2023-11-19 05:19:09.521719, Диалог: ДАЛЬНЕРЕЧЕНСКИЙ РАЙОН Доска объявлений "reg-125" Приморский край, Статус: Доставлено
Ссылка на канал: Doska_Obiyavleniy_Dalnerechensk
Дата: 2023-11-19 05:19:09.758822, Диалог: Барахолка Кавалерово, Статус: Доставлено
Ссылка на канал: kavalerovobaraxlo
Дата: 2023-11-19 05:19:09.963043, Диалог: Владивосток объявления | Барахолка VDK, Статус: Доставлено
Ссылка на канал: vdkbarah
Дата: 2023-11-19 05:19:10.387222, Диалог: Барахолка Бк-Фокино, Статус: Доставлено
Ссылка на канал: baraxolkabk
Дата: 2023-11-19 05:19:10.797185, Диалог: Купи - продай Владивосток, Статус: Доставлено
Ссылка на канал: skupka_125_5
Дата: 2023-11-19 05:19:11.209088, Диалог: Барахолка. Хасанский район, Статус: Доставлено
Ссылка на канал: bapaxslavanka
Дата: 2023-11-19 05:19:11.715277, Диалог: ОБЪЯВЛЕНИЯ - Уфа, Статус: Доставлено
Ссылка на канал: OBYAVLENIA_Ufy
